  Win32Framework.cpp
e:\uad\5to\classproject\example\example\inputmanager.h(4): fatal error C1083: Cannot open include file: 'SDL/SDL_keysym.h': No such file or directory
  UtilsGL.cpp
e:\uad\5to\classproject\example\example\utilsgl.h(4): fatal error C1083: Cannot open include file: 'GLES2/gl2.h': No such file or directory
  TriangleGL.cpp
e:\uad\5to\classproject\example\example\trianglegl.h(4): fatal error C1083: Cannot open include file: 'GLES2/gl2.h': No such file or directory
  Timer.cpp
  PrimitiveManager.cpp
e:\uad\5to\classproject\example\example\primitivemanager.h(5): fatal error C1083: Cannot open include file: 'd3dx9math.h': No such file or directory
  PrimitiveInstance.cpp
e:\uad\5to\classproject\example\example\primitiveinstance.h(5): fatal error C1083: Cannot open include file: 'd3dx9math.h': No such file or directory
  InputManager.cpp
e:\uad\5to\classproject\example\example\inputmanager.h(4): fatal error C1083: Cannot open include file: 'SDL/SDL_keysym.h': No such file or directory
  GLDriver.cpp
e:\uad\5to\classproject\example\example\gldriver.h(6): fatal error C1083: Cannot open include file: 'EGL/egl.h': No such file or directory
  CubeGL.cpp
e:\uad\5to\classproject\example\example\cubegl.h(4): fatal error C1083: Cannot open include file: 'GLES2/gl2.h': No such file or directory
  Core.cpp
e:\uad\5to\classproject\example\example\inputmanager.h(4): fatal error C1083: Cannot open include file: 'SDL/SDL_keysym.h': No such file or directory
  Generating Code...
