e:\uad\5to\ia\gamestructure\example\debug\framework.pdb
e:\uad\5to\ia\gamestructure\example\debug\framework.idb
e:\uad\5to\ia\gamestructure\example\debug\core.obj
e:\uad\5to\ia\gamestructure\example\debug\cuadgl.obj
e:\uad\5to\ia\gamestructure\example\debug\cubegl.obj
e:\uad\5to\ia\gamestructure\example\debug\gldriver.obj
e:\uad\5to\ia\gamestructure\example\debug\inputmanager.obj
e:\uad\5to\ia\gamestructure\example\debug\primitiveinstance.obj
e:\uad\5to\ia\gamestructure\example\debug\primitivemanager.obj
e:\uad\5to\ia\gamestructure\example\debug\timer.obj
e:\uad\5to\ia\gamestructure\example\debug\trianglegl.obj
e:\uad\5to\ia\gamestructure\example\debug\utilsgl.obj
e:\uad\5to\ia\gamestructure\example\debug\win32framework.obj
e:\uad\5to\ia\gamestructure\example\debug\cmatrix4d.obj
e:\uad\5to\ia\gamestructure\example\debug\cvector4d.obj
e:\uad\5to\ia\gamestructure\debug\framework.lib
e:\uad\5to\ia\gamestructure\debug\framework.pdb
e:\uad\5to\ia\gamestructure\example\debug\framework.tlog\cl.command.1.tlog
e:\uad\5to\ia\gamestructure\example\debug\framework.tlog\cl.read.1.tlog
e:\uad\5to\ia\gamestructure\example\debug\framework.tlog\cl.write.1.tlog
e:\uad\5to\ia\gamestructure\example\debug\framework.tlog\lib-link.read.1.tlog
e:\uad\5to\ia\gamestructure\example\debug\framework.tlog\lib-link.write.1.tlog
e:\uad\5to\ia\gamestructure\example\debug\framework.tlog\lib.command.1.tlog
